<?xml version="1.0" encoding="UTF-8"?>
<testsuites name="Mocha Tests" time="5.583" tests="4" failures="0">
  <testsuite name="Root Suite" timestamp="2023-01-24T12:41:31" tests="0" file="cypress\e2e\features\loginOutline\loginOutline.feature" time="0.000" failures="0">
  </testsuite>
  <testsuite name="Login Outline" timestamp="2023-01-24T12:41:31" tests="4" time="5.539" failures="0">
    <testcase name="Login Outline Login with invald credentials (example #1)" time="1.285" classname="Login with invald credentials (example #1)">
    </testcase>
    <testcase name="Login Outline Login with invald credentials (example #2)" time="0.726" classname="Login with invald credentials (example #2)">
    </testcase>
    <testcase name="Login Outline Login with invald credentials (example #3)" time="0.760" classname="Login with invald credentials (example #3)">
    </testcase>
    <testcase name="Login Outline Login with invald credentials (example #4)" time="0.731" classname="Login with invald credentials (example #4)">
    </testcase>
  </testsuite>
</testsuites>